2024-09-06 18:37:24 [http-nio-443-exec-2] ERROR c.i.m.e.GlobalExceptionHandler - Required part 'file' is not present.
2024-09-06 18:39:57 [http-nio-443-exec-7] ERROR c.i.m.e.GlobalExceptionHandler - JSON parse error: Cannot deserialize value of type `java.util.Date` from String "01/02/2003": not a valid representation (error: Failed to parse Date value '01/02/2003': Cannot parse date "01/02/2003": not compatible with any of standard forms ("yyyy-MM-dd'T'HH:mm:ss.SSSX", "yyyy-MM-dd'T'HH:mm:ss.SSS", "EEE, dd MMM yyyy HH:mm:ss zzz", "yyyy-MM-dd"))
2024-09-06 18:41:17 [http-nio-443-exec-10] ERROR c.i.m.e.GlobalExceptionHandler - JSON parse error: Cannot deserialize value of type `java.util.Date` from String "2003/02/01": not a valid representation (error: Failed to parse Date value '2003/02/01': Cannot parse date "2003/02/01": not compatible with any of standard forms ("yyyy-MM-dd'T'HH:mm:ss.SSSX", "yyyy-MM-dd'T'HH:mm:ss.SSS", "EEE, dd MMM yyyy HH:mm:ss zzz", "yyyy-MM-dd"))
2024-09-06 19:03:03 [http-nio-443-exec-8] ERROR c.i.m.e.GlobalExceptionHandler - No static resource favicon.ico.
2024-09-06 19:10:12 [http-nio-443-exec-10] ERROR c.i.m.e.GlobalExceptionHandler - No static resource favicon.ico.
2024-09-06 19:10:17 [http-nio-443-exec-7] ERROR c.i.m.e.GlobalExceptionHandler - Required request parameter 'filme' for method parameter type String is not present
2024-09-06 19:10:17 [http-nio-443-exec-8] ERROR c.i.m.e.GlobalExceptionHandler - No static resource favicon.ico.
2024-09-06 19:10:19 [http-nio-443-exec-10] ERROR c.i.m.e.GlobalExceptionHandler - No static resource favicon.ico.
2024-09-06 19:10:25 [http-nio-443-exec-7] ERROR c.i.m.e.GlobalExceptionHandler - No static resource favicon.ico.
2024-09-06 19:10:29 [http-nio-443-exec-4] ERROR c.i.m.e.GlobalExceptionHandler - No static resource favicon.ico.
2024-09-06 19:10:45 [http-nio-443-exec-2] ERROR c.i.m.e.GlobalExceptionHandler - No static resource favicon.ico.
2024-09-06 19:11:02 [http-nio-443-exec-8] ERROR c.i.m.e.GlobalExceptionHandler - No static resource favicon.ico.
2024-09-06 19:33:23 [main] ERROR o.s.o.j.LocalContainerEntityManagerFactoryBean - Failed to initialize JPA EntityManagerFactory: Collection 'com.ismael.movies.model.Movie.review' is 'mappedBy' a property named 'teste' which does not exist in the target entity 'com.ismael.movies.model.Rating'
2024-09-06 19:33:23 [main] ERROR o.s.b.w.e.tomcat.TomcatStarter - Error starting Tomcat context. Exception: org.springframework.beans.factory.UnsatisfiedDependencyException. Message: Error creating bean with name 'securityFilter': Unsatisfied dependency expressed through field 'userRepository': Error creating bean with name 'userRepository' defined in com.ismael.movies.repository.UserRepository defined in @EnableJpaRepositories declared on JpaRepositoriesRegistrar.EnableJpaRepositoriesConfiguration: Cannot resolve reference to bean 'jpaSharedEM_entityManagerFactory' while setting bean property 'entityManager'
2024-09-06 19:33:23 [main] ERROR o.s.boot.SpringApplication - Application run failed
org.springframework.context.ApplicationContextException: Unable to start web server
	at org.springframework.boot.web.servlet.context.ServletWebServerApplicationContext.onRefresh(ServletWebServerApplicationContext.java:165)
	at org.springframework.context.support.AbstractApplicationContext.refresh(AbstractApplicationContext.java:619)
	at org.springframework.boot.web.servlet.context.ServletWebServerApplicationContext.refresh(ServletWebServerApplicationContext.java:146)
	at org.springframework.boot.SpringApplication.refresh(SpringApplication.java:762)
	at org.springframework.boot.SpringApplication.refreshContext(SpringApplication.java:464)
	at org.springframework.boot.SpringApplication.run(SpringApplication.java:334)
	at org.springframework.boot.SpringApplication.run(SpringApplication.java:1358)
	at org.springframework.boot.SpringApplication.run(SpringApplication.java:1347)
	at com.ismael.movies.MoviesApplication.main(MoviesApplication.java:10)
Caused by: org.springframework.boot.web.server.WebServerException: Unable to start embedded Tomcat
	at org.springframework.boot.web.embedded.tomcat.TomcatWebServer.initialize(TomcatWebServer.java:145)
	at org.springframework.boot.web.embedded.tomcat.TomcatWebServer.<init>(TomcatWebServer.java:105)
	at org.springframework.boot.web.embedded.tomcat.TomcatServletWebServerFactory.getTomcatWebServer(TomcatServletWebServerFactory.java:499)
	at org.springframework.boot.web.embedded.tomcat.TomcatServletWebServerFactory.getWebServer(TomcatServletWebServerFactory.java:218)
	at org.springframework.boot.web.servlet.context.ServletWebServerApplicationContext.createWebServer(ServletWebServerApplicationContext.java:188)
	at org.springframework.boot.web.servlet.context.ServletWebServerApplicationContext.onRefresh(ServletWebServerApplicationContext.java:162)
	... 8 common frames omitted
Caused by: org.springframework.beans.factory.UnsatisfiedDependencyException: Error creating bean with name 'securityFilter': Unsatisfied dependency expressed through field 'userRepository': Error creating bean with name 'userRepository' defined in com.ismael.movies.repository.UserRepository defined in @EnableJpaRepositories declared on JpaRepositoriesRegistrar.EnableJpaRepositoriesConfiguration: Cannot resolve reference to bean 'jpaSharedEM_entityManagerFactory' while setting bean property 'entityManager'
	at org.springframework.beans.factory.annotation.AutowiredAnnotationBeanPostProcessor$AutowiredFieldElement.resolveFieldValue(AutowiredAnnotationBeanPostProcessor.java:787)
	at org.springframework.beans.factory.annotation.AutowiredAnnotationBeanPostProcessor$AutowiredFieldElement.inject(AutowiredAnnotationBeanPostProcessor.java:767)
	at org.springframework.beans.factory.annotation.InjectionMetadata.inject(InjectionMetadata.java:145)
	at org.springframework.beans.factory.annotation.AutowiredAnnotationBeanPostProcessor.postProcessProperties(AutowiredAnnotationBeanPostProcessor.java:508)
	at org.springframework.beans.factory.support.AbstractAutowireCapableBeanFactory.populateBean(AbstractAutowireCapableBeanFactory.java:1418)
	at org.springframework.beans.factory.support.AbstractAutowireCapableBeanFactory.doCreateBean(AbstractAutowireCapableBeanFactory.java:598)
	at org.springframework.beans.factory.support.AbstractAutowireCapableBeanFactory.createBean(AbstractAutowireCapableBeanFactory.java:521)
	at org.springframework.beans.factory.support.AbstractBeanFactory.lambda$doGetBean$0(AbstractBeanFactory.java:325)
	at org.springframework.beans.factory.support.DefaultSingletonBeanRegistry.getSingleton(DefaultSingletonBeanRegistry.java:234)
	at org.springframework.beans.factory.support.AbstractBeanFactory.doGetBean(AbstractBeanFactory.java:323)
	at org.springframework.beans.factory.support.AbstractBeanFactory.getBean(AbstractBeanFactory.java:204)
	at org.springframework.boot.web.servlet.ServletContextInitializerBeans.getOrderedBeansOfType(ServletContextInitializerBeans.java:210)
	at org.springframework.boot.web.servlet.ServletContextInitializerBeans.addAsRegistrationBean(ServletContextInitializerBeans.java:173)
	at org.springframework.boot.web.servlet.ServletContextInitializerBeans.addAsRegistrationBean(ServletContextInitializerBeans.java:168)
	at org.springframework.boot.web.servlet.ServletContextInitializerBeans.addAdaptableBeans(ServletContextInitializerBeans.java:153)
	at org.springframework.boot.web.servlet.ServletContextInitializerBeans.<init>(ServletContextInitializerBeans.java:86)
	at org.springframework.boot.web.servlet.context.ServletWebServerApplicationContext.getServletContextInitializerBeans(ServletWebServerApplicationContext.java:266)
	at org.springframework.boot.web.servlet.context.ServletWebServerApplicationContext.selfInitialize(ServletWebServerApplicationContext.java:240)
	at org.springframework.boot.web.embedded.tomcat.TomcatStarter.onStartup(TomcatStarter.java:52)
	at org.apache.catalina.core.StandardContext.startInternal(StandardContext.java:4850)
	at org.apache.catalina.util.LifecycleBase.start(LifecycleBase.java:171)
	at org.apache.catalina.core.ContainerBase$StartChild.call(ContainerBase.java:1332)
	at org.apache.catalina.core.ContainerBase$StartChild.call(ContainerBase.java:1322)
	at java.base/java.util.concurrent.FutureTask.run(FutureTask.java:264)
	at org.apache.tomcat.util.threads.InlineExecutorService.execute(InlineExecutorService.java:75)
	at java.base/java.util.concurrent.AbstractExecutorService.submit(AbstractExecutorService.java:145)
	at org.apache.catalina.core.ContainerBase.startInternal(ContainerBase.java:866)
	at org.apache.catalina.core.StandardHost.startInternal(StandardHost.java:845)
	at org.apache.catalina.util.LifecycleBase.start(LifecycleBase.java:171)
	at org.apache.catalina.core.ContainerBase$StartChild.call(ContainerBase.java:1332)
	at org.apache.catalina.core.ContainerBase$StartChild.call(ContainerBase.java:1322)
	at java.base/java.util.concurrent.FutureTask.run(FutureTask.java:264)
	at org.apache.tomcat.util.threads.InlineExecutorService.execute(InlineExecutorService.java:75)
	at java.base/java.util.concurrent.AbstractExecutorService.submit(AbstractExecutorService.java:145)
	at org.apache.catalina.core.ContainerBase.startInternal(ContainerBase.java:866)
	at org.apache.catalina.core.StandardEngine.startInternal(StandardEngine.java:240)
	at org.apache.catalina.util.LifecycleBase.start(LifecycleBase.java:171)
	at org.apache.catalina.core.StandardService.startInternal(StandardService.java:433)
	at org.apache.catalina.util.LifecycleBase.start(LifecycleBase.java:171)
	at org.apache.catalina.core.StandardServer.startInternal(StandardServer.java:917)
	at org.apache.catalina.util.LifecycleBase.start(LifecycleBase.java:171)
	at org.apache.catalina.startup.Tomcat.start(Tomcat.java:488)
	at org.springframework.boot.web.embedded.tomcat.TomcatWebServer.initialize(TomcatWebServer.java:126)
	... 13 common frames omitted
Caused by: org.springframework.beans.factory.BeanCreationException: Error creating bean with name 'userRepository' defined in com.ismael.movies.repository.UserRepository defined in @EnableJpaRepositories declared on JpaRepositoriesRegistrar.EnableJpaRepositoriesConfiguration: Cannot resolve reference to bean 'jpaSharedEM_entityManagerFactory' while setting bean property 'entityManager'
	at org.springframework.beans.factory.support.BeanDefinitionValueResolver.resolveReference(BeanDefinitionValueResolver.java:377)
	at org.springframework.beans.factory.support.BeanDefinitionValueResolver.resolveValueIfNecessary(BeanDefinitionValueResolver.java:135)
	at org.springframework.beans.factory.support.AbstractAutowireCapableBeanFactory.applyPropertyValues(AbstractAutowireCapableBeanFactory.java:1684)
	at org.springframework.beans.factory.support.AbstractAutowireCapableBeanFactory.populateBean(AbstractAutowireCapableBeanFactory.java:1433)
	at org.springframework.beans.factory.support.AbstractAutowireCapableBeanFactory.doCreateBean(AbstractAutowireCapableBeanFactory.java:598)
	at org.springframework.beans.factory.support.AbstractAutowireCapableBeanFactory.createBean(AbstractAutowireCapableBeanFactory.java:521)
	at org.springframework.beans.factory.support.AbstractBeanFactory.lambda$doGetBean$0(AbstractBeanFactory.java:325)
	at org.springframework.beans.factory.support.DefaultSingletonBeanRegistry.getSingleton(DefaultSingletonBeanRegistry.java:234)
	at org.springframework.beans.factory.support.AbstractBeanFactory.doGetBean(AbstractBeanFactory.java:323)
	at org.springframework.beans.factory.support.AbstractBeanFactory.getBean(AbstractBeanFactory.java:199)
	at org.springframework.beans.factory.config.DependencyDescriptor.resolveCandidate(DependencyDescriptor.java:254)
	at org.springframework.beans.factory.support.DefaultListableBeanFactory.doResolveDependency(DefaultListableBeanFactory.java:1443)
	at org.springframework.beans.factory.support.DefaultListableBeanFactory.resolveDependency(DefaultListableBeanFactory.java:1353)
	at org.springframework.beans.factory.annotation.AutowiredAnnotationBeanPostProcessor$AutowiredFieldElement.resolveFieldValue(AutowiredAnnotationBeanPostProcessor.java:784)
	... 55 common frames omitted
Caused by: org.springframework.beans.factory.BeanCreationException: Error creating bean with name 'jpaSharedEM_entityManagerFactory': Cannot resolve reference to bean 'entityManagerFactory' while setting constructor argument
	at org.springframework.beans.factory.support.BeanDefinitionValueResolver.resolveReference(BeanDefinitionValueResolver.java:377)
	at org.springframework.beans.factory.support.BeanDefinitionValueResolver.resolveValueIfNecessary(BeanDefinitionValueResolver.java:135)
	at org.springframework.beans.factory.support.ConstructorResolver.resolveConstructorArguments(ConstructorResolver.java:689)
	at org.springframework.beans.factory.support.ConstructorResolver.instantiateUsingFactoryMethod(ConstructorResolver.java:513)
	at org.springframework.beans.factory.support.AbstractAutowireCapableBeanFactory.instantiateUsingFactoryMethod(AbstractAutowireCapableBeanFactory.java:1334)
	at org.springframework.beans.factory.support.AbstractAutowireCapableBeanFactory.createBeanInstance(AbstractAutowireCapableBeanFactory.java:1164)
	at org.springframework.beans.factory.support.AbstractAutowireCapableBeanFactory.doCreateBean(AbstractAutowireCapableBeanFactory.java:561)
	at org.springframework.beans.factory.support.AbstractAutowireCapableBeanFactory.createBean(AbstractAutowireCapableBeanFactory.java:521)
	at org.springframework.beans.factory.support.AbstractBeanFactory.lambda$doGetBean$0(AbstractBeanFactory.java:325)
	at org.springframework.beans.factory.support.DefaultSingletonBeanRegistry.getSingleton(DefaultSingletonBeanRegistry.java:234)
	at org.springframework.beans.factory.support.AbstractBeanFactory.doGetBean(AbstractBeanFactory.java:323)
	at org.springframework.beans.factory.support.AbstractBeanFactory.getBean(AbstractBeanFactory.java:199)
	at org.springframework.beans.factory.support.BeanDefinitionValueResolver.resolveReference(BeanDefinitionValueResolver.java:365)
	... 68 common frames omitted
Caused by: org.springframework.beans.factory.BeanCreationException: Error creating bean with name 'entityManagerFactory' defined in class path resource [org/springframework/boot/autoconfigure/orm/jpa/HibernateJpaConfiguration.class]: Collection 'com.ismael.movies.model.Movie.review' is 'mappedBy' a property named 'teste' which does not exist in the target entity 'com.ismael.movies.model.Rating'
	at org.springframework.beans.factory.support.AbstractAutowireCapableBeanFactory.initializeBean(AbstractAutowireCapableBeanFactory.java:1773)
	at org.springframework.beans.factory.support.AbstractAutowireCapableBeanFactory.doCreateBean(AbstractAutowireCapableBeanFactory.java:599)
	at org.springframework.beans.factory.support.AbstractAutowireCapableBeanFactory.createBean(AbstractAutowireCapableBeanFactory.java:521)
	at org.springframework.beans.factory.support.AbstractBeanFactory.lambda$doGetBean$0(AbstractBeanFactory.java:325)
	at org.springframework.beans.factory.support.DefaultSingletonBeanRegistry.getSingleton(DefaultSingletonBeanRegistry.java:234)
	at org.springframework.beans.factory.support.AbstractBeanFactory.doGetBean(AbstractBeanFactory.java:323)
	at org.springframework.beans.factory.support.AbstractBeanFactory.getBean(AbstractBeanFactory.java:199)
	at org.springframework.beans.factory.support.BeanDefinitionValueResolver.resolveReference(BeanDefinitionValueResolver.java:365)
	... 80 common frames omitted
Caused by: org.hibernate.AnnotationException: Collection 'com.ismael.movies.model.Movie.review' is 'mappedBy' a property named 'teste' which does not exist in the target entity 'com.ismael.movies.model.Rating'
	at org.hibernate.boot.model.internal.CollectionBinder.isReversePropertyInJoin(CollectionBinder.java:1622)
	at org.hibernate.boot.model.internal.CollectionBinder.noAssociationTable(CollectionBinder.java:1636)
	at org.hibernate.boot.model.internal.CollectionBinder.bindStarToManySecondPass(CollectionBinder.java:1597)
	at org.hibernate.boot.model.internal.CollectionBinder$1.secondPass(CollectionBinder.java:1588)
	at org.hibernate.boot.model.internal.CollectionSecondPass.doSecondPass(CollectionSecondPass.java:45)
	at org.hibernate.boot.internal.InFlightMetadataCollectorImpl.processSecondPasses(InFlightMetadataCollectorImpl.java:1815)
	at org.hibernate.boot.internal.InFlightMetadataCollectorImpl.processSecondPasses(InFlightMetadataCollectorImpl.java:1774)
	at org.hibernate.boot.model.process.spi.MetadataBuildingProcess.complete(MetadataBuildingProcess.java:332)
	at org.hibernate.jpa.boot.internal.EntityManagerFactoryBuilderImpl.metadata(EntityManagerFactoryBuilderImpl.java:1432)
	at org.hibernate.jpa.boot.internal.EntityManagerFactoryBuilderImpl.build(EntityManagerFactoryBuilderImpl.java:1503)
	at org.springframework.orm.jpa.vendor.SpringHibernateJpaPersistenceProvider.createContainerEntityManagerFactory(SpringHibernateJpaPersistenceProvider.java:75)
	at org.springframework.orm.jpa.LocalContainerEntityManagerFactoryBean.createNativeEntityManagerFactory(LocalContainerEntityManagerFactoryBean.java:376)
	at org.springframework.orm.jpa.AbstractEntityManagerFactoryBean.buildNativeEntityManagerFactory(AbstractEntityManagerFactoryBean.java:409)
	at org.springframework.orm.jpa.AbstractEntityManagerFactoryBean.afterPropertiesSet(AbstractEntityManagerFactoryBean.java:396)
	at org.springframework.orm.jpa.LocalContainerEntityManagerFactoryBean.afterPropertiesSet(LocalContainerEntityManagerFactoryBean.java:352)
	at org.springframework.beans.factory.support.AbstractAutowireCapableBeanFactory.invokeInitMethods(AbstractAutowireCapableBeanFactory.java:1820)
	at org.springframework.beans.factory.support.AbstractAutowireCapableBeanFactory.initializeBean(AbstractAutowireCapableBeanFactory.java:1769)
	... 87 common frames omitted
2024-09-06 19:35:23 [http-nio-443-exec-4] ERROR c.i.m.e.GlobalExceptionHandler - Could not write JSON: Infinite recursion (StackOverflowError)
2024-09-06 19:36:12 [http-nio-443-exec-5] ERROR c.i.m.e.GlobalExceptionHandler - Could not write JSON: Infinite recursion (StackOverflowError)
2024-09-06 19:58:46 [http-nio-443-exec-8] ERROR c.i.m.e.GlobalExceptionHandler - No static resource favicon.ico.
2024-09-06 19:58:51 [http-nio-443-exec-5] ERROR c.i.m.e.GlobalExceptionHandler - No static resource favicon.ico.
2024-09-06 19:58:53 [http-nio-443-exec-6] ERROR c.i.m.e.GlobalExceptionHandler - No static resource favicon.ico.
2024-09-06 19:58:55 [http-nio-443-exec-7] ERROR c.i.m.e.GlobalExceptionHandler - No static resource favicon.ico.
2024-09-06 19:58:58 [http-nio-443-exec-4] ERROR c.i.m.e.GlobalExceptionHandler - No static resource favicon.ico.
2024-09-06 19:59:00 [http-nio-443-exec-5] ERROR c.i.m.e.GlobalExceptionHandler - No static resource favicon.ico.
2024-09-06 20:00:24 [http-nio-443-exec-3] ERROR c.i.m.e.GlobalExceptionHandler - No static resource favicon.ico.
2024-09-06 20:00:29 [http-nio-443-exec-4] ERROR c.i.m.e.GlobalExceptionHandler - No static resource favicon.ico.
2024-09-06 20:00:30 [http-nio-443-exec-5] ERROR c.i.m.e.GlobalExceptionHandler - No static resource favicon.ico.
2024-09-06 20:00:38 [http-nio-443-exec-3] ERROR c.i.m.e.GlobalExceptionHandler - No static resource favicon.ico.
2024-09-06 20:00:41 [http-nio-443-exec-9] ERROR c.i.m.e.GlobalExceptionHandler - No static resource favicon.ico.
2024-09-06 20:00:43 [http-nio-443-exec-6] ERROR c.i.m.e.GlobalExceptionHandler - No static resource favicon.ico.
2024-09-06 20:00:48 [http-nio-443-exec-2] ERROR c.i.m.e.GlobalExceptionHandler - No static resource favicon.ico.
2024-09-06 20:01:03 [http-nio-443-exec-10] ERROR c.i.m.e.GlobalExceptionHandler - No static resource favicon.ico.
2024-09-06 20:01:07 [http-nio-443-exec-7] ERROR c.i.m.e.GlobalExceptionHandler - No static resource favicon.ico.
2024-09-06 20:01:10 [http-nio-443-exec-4] ERROR c.i.m.e.GlobalExceptionHandler - No static resource favicon.ico.
2024-09-06 20:01:14 [http-nio-443-exec-1] ERROR c.i.m.e.GlobalExceptionHandler - No static resource favicon.ico.
2024-09-06 20:01:16 [http-nio-443-exec-8] ERROR c.i.m.e.GlobalExceptionHandler - No static resource favicon.ico.
2024-09-06 20:01:19 [http-nio-443-exec-5] ERROR c.i.m.e.GlobalExceptionHandler - No static resource favicon.ico.
2024-09-06 20:01:46 [http-nio-443-exec-3] ERROR c.i.m.e.GlobalExceptionHandler - No static resource favicon.ico.
2024-09-06 20:01:50 [http-nio-443-exec-4] ERROR c.i.m.e.GlobalExceptionHandler - No static resource favicon.ico.
2024-09-06 20:01:55 [http-nio-443-exec-1] ERROR c.i.m.e.GlobalExceptionHandler - No static resource favicon.ico.
2024-09-06 20:03:47 [http-nio-443-exec-10] ERROR c.i.m.e.GlobalExceptionHandler - No static resource favicon.ico.
2024-09-06 20:03:54 [http-nio-443-exec-7] ERROR c.i.m.e.GlobalExceptionHandler - No static resource favicon.ico.
2024-09-06 20:03:57 [http-nio-443-exec-4] ERROR c.i.m.e.GlobalExceptionHandler - No static resource favicon.ico.
2024-09-06 20:04:00 [http-nio-443-exec-1] ERROR c.i.m.e.GlobalExceptionHandler - No static resource favicon.ico.
2024-09-06 20:04:06 [http-nio-443-exec-8] ERROR c.i.m.e.GlobalExceptionHandler - No static resource favicon.ico.
2024-09-06 20:05:28 [http-nio-443-exec-6] ERROR c.i.m.e.GlobalExceptionHandler - No static resource favicon.ico.
2024-09-06 20:05:47 [http-nio-443-exec-2] ERROR c.i.m.e.GlobalExceptionHandler - No static resource favicon.ico.
2024-09-06 20:05:53 [http-nio-443-exec-5] ERROR c.i.m.e.GlobalExceptionHandler - No static resource favicon.ico.
2024-09-06 20:05:53 [http-nio-443-exec-6] ERROR c.i.m.e.GlobalExceptionHandler - No static resource favicon.ico.
2024-09-06 20:05:54 [http-nio-443-exec-8] ERROR c.i.m.e.GlobalExceptionHandler - No static resource favicon.ico.
2024-09-06 20:05:56 [http-nio-443-exec-5] ERROR c.i.m.e.GlobalExceptionHandler - No static resource favicon.ico.
